Exporter version: 6.3.0, Blender version: 2.82 (sub 7)
========= Conversion from Blender to Babylon.js =========
	Scene settings used :
		Inline textures     :  false
		Material Type       :  PBR
		Positions Precision :  4
		Normals Precision   :  3
		UVs Precision       :  3
		Vert Color Precision:  3
		Mat Weight Precision:  2
		Keep Z-up r-handed  :  no
		Texture directory   :  C:\Users\Torben\Desktop\The Vault\url-ninja\portfolio\models\
	Python World class constructor completed
	WARNING: No active camera has been assigned, or is not in a currently selected Blender layer
	processing begun of mesh:  0001
		processing begun of material:  snow
		processing begun of material:  wood.001
		processing begun of material:  pine
		processing begun of material:  trunk
		processing begun of material:  snow.001
		processing begun of material:  Material.001
		processing begun of material:  wood
		processing begun of multimaterial:  mountain_merged_scene_3.Multimaterial#0
		Custom split normals with tangents being used
		num positions      :  12424
		num normals        :  12424
		num tangents       :  49696
		num uvs            :  24848
		num uvs2           :  0
		num colors         :  0
		num indices        :  12930
		WARNING: # of 0 area faces found:  50
	processing begun of mesh:  Cylinder
		processing begun of material:  Material.004
		processing begun of material:  wood.001
		processing begun of multimaterial:  mountain_merged_scene_3.Multimaterial#1
		num positions      :  188
		num normals        :  188
		num tangents       :  0
		num uvs            :  376
		num uvs2           :  0
		num colors         :  0
		num indices        :  198
	processing begun of mesh:  Cylinder.001
		processing begun of material:  Material.004
		processing begun of material:  wood.001
		registered as also a user of material:  Material.004
		processing begun of multimaterial:  mountain_merged_scene_3.Multimaterial#2
		num positions      :  188
		num normals        :  188
		num tangents       :  0
		num uvs            :  376
		num uvs2           :  0
		num colors         :  0
		num indices        :  198
	processing begun of mesh:  Cylinder.003
		processing begun of material:  Material.006
		num positions      :  225
		num normals        :  225
		num tangents       :  0
		num uvs            :  450
		num uvs2           :  0
		num colors         :  0
		num indices        :  234
	processing begun of mesh:  Cylinder.004
		processing begun of material:  Material.006
		registered as also a user of material:  Material.006
		num positions      :  224
		num normals        :  224
		num tangents       :  0
		num uvs            :  448
		num uvs2           :  0
		num colors         :  0
		num indices        :  234
	processing begun of mesh:  Cylinder.005
		processing begun of material:  Material.006
		registered as also a user of material:  Material.006
		num positions      :  209
		num normals        :  209
		num tangents       :  0
		num uvs            :  418
		num uvs2           :  0
		num colors         :  0
		num indices        :  213
	processing begun of mesh:  Cylinder.006
		processing begun of material:  snow
		processing begun of material:  Material.008
		registered as also a user of material:  snow
		processing begun of multimaterial:  mountain_merged_scene_3.Multimaterial#3
		num positions      :  376
		num normals        :  376
		num tangents       :  0
		num uvs            :  752
		num uvs2           :  0
		num colors         :  0
		num indices        :  420
	processing begun of mesh:  Cylinder.007
		processing begun of material:  snow
		processing begun of material:  Material.008
		registered as also a user of material:  snow
		registered as also a user of material:  Material.008
		processing begun of multimaterial:  mountain_merged_scene_3.Multimaterial#4
		num positions      :  376
		num normals        :  376
		num tangents       :  0
		num uvs            :  752
		num uvs2           :  0
		num colors         :  0
		num indices        :  420
	processing begun of mesh:  Cylinder.008
		processing begun of material:  Material.004
		processing begun of material:  wood.001
		registered as also a user of material:  Material.004
		processing begun of multimaterial:  mountain_merged_scene_3.Multimaterial#5
		num positions      :  188
		num normals        :  188
		num tangents       :  0
		num uvs            :  376
		num uvs2           :  0
		num colors         :  0
		num indices        :  198
	processing begun of mesh:  Cylinder.009
		processing begun of material:  Material.004
		processing begun of material:  wood.001
		registered as also a user of material:  Material.004
		processing begun of multimaterial:  mountain_merged_scene_3.Multimaterial#6
		num positions      :  188
		num normals        :  188
		num tangents       :  0
		num uvs            :  376
		num uvs2           :  0
		num colors         :  0
		num indices        :  198
	processing begun of mesh:  Cylinder.010
		processing begun of material:  Material.004
		processing begun of material:  wood.001
		registered as also a user of material:  Material.004
		processing begun of multimaterial:  mountain_merged_scene_3.Multimaterial#7
		num positions      :  188
		num normals        :  188
		num tangents       :  0
		num uvs            :  376
		num uvs2           :  0
		num colors         :  0
		num indices        :  198
	processing begun of mesh:  Cylinder.011
		processing begun of material:  Material.004
		processing begun of material:  wood.001
		registered as also a user of material:  Material.004
		processing begun of multimaterial:  mountain_merged_scene_3.Multimaterial#8
		num positions      :  188
		num normals        :  188
		num tangents       :  0
		num uvs            :  376
		num uvs2           :  0
		num colors         :  0
		num indices        :  198
	processing begun of mesh:  Cylinder.012
		processing begun of material:  Material.004
		processing begun of material:  wood.001
		registered as also a user of material:  Material.004
		processing begun of multimaterial:  mountain_merged_scene_3.Multimaterial#9
		num positions      :  188
		num normals        :  188
		num tangents       :  0
		num uvs            :  376
		num uvs2           :  0
		num colors         :  0
		num indices        :  198
	processing begun of mesh:  Icosphere
		processing begun of material:  Material.002
		processing begun of material:  snow.001
		registered as also a user of material:  snow.001
		processing begun of multimaterial:  mountain_merged_scene_3.Multimaterial#10
		num positions      :  82
		num normals        :  82
		num tangents       :  0
		num uvs            :  164
		num uvs2           :  0
		num colors         :  0
		num indices        :  84
	processing begun of mesh:  Icosphere.001
		processing begun of material:  Material.002
		num positions      :  60
		num normals        :  60
		num tangents       :  0
		num uvs            :  120
		num uvs2           :  0
		num colors         :  0
		num indices        :  60
	processing begun of mesh:  Icosphere.002
		processing begun of material:  Material.002
		processing begun of material:  snow.001
		registered as also a user of material:  snow.001
		processing begun of multimaterial:  mountain_merged_scene_3.Multimaterial#11
		num positions      :  84
		num normals        :  84
		num tangents       :  0
		num uvs            :  168
		num uvs2           :  0
		num colors         :  0
		num indices        :  84
	processing begun of mesh:  Icosphere.003
		processing begun of material:  Material.002
		registered as also a user of material:  Material.002
		num positions      :  60
		num normals        :  60
		num tangents       :  0
		num uvs            :  120
		num uvs2           :  0
		num colors         :  0
		num indices        :  60
	processing begun of mesh:  Icosphere.004
		processing begun of material:  Material.002
		registered as also a user of material:  Material.002
		num positions      :  60
		num normals        :  60
		num tangents       :  0
		num uvs            :  120
		num uvs2           :  0
		num colors         :  0
		num indices        :  60
	processing begun of mesh:  Icosphere.005
		processing begun of material:  Material.002
		registered as also a user of material:  Material.002
		num positions      :  60
		num normals        :  60
		num tangents       :  0
		num uvs            :  120
		num uvs2           :  0
		num colors         :  0
		num indices        :  60
	processing begun of mesh:  Icosphere.006
		processing begun of material:  snow.001
		registered as also a user of material:  snow.001
		num positions      :  90
		num normals        :  90
		num tangents       :  0
		num uvs            :  180
		num uvs2           :  0
		num colors         :  0
		num indices        :  90
	processing begun of mesh:  Icosphere.007
		processing begun of material:  snow.001
		registered as also a user of material:  snow.001
		num positions      :  60
		num normals        :  60
		num tangents       :  0
		num uvs            :  120
		num uvs2           :  0
		num colors         :  0
		num indices        :  60
	processing begun of mesh:  obstacle
		processing begun of material:  wood.001
		processing begun of material:  wood.002
		processing begun of material:  wood lightest
		processing begun of multimaterial:  mountain_merged_scene_3.Multimaterial#12
		num positions      :  340
		num normals        :  340
		num tangents       :  0
		num uvs            :  680
		num uvs2           :  0
		num colors         :  0
		num indices        :  354
	processing begun of mesh:  obstacle.001
		processing begun of material:  wood.001
		processing begun of material:  wood.002
		processing begun of material:  wood lightest
		registered as also a user of material:  wood.002
		registered as also a user of material:  wood lightest
		processing begun of multimaterial:  mountain_merged_scene_3.Multimaterial#13
		num positions      :  340
		num normals        :  340
		num tangents       :  0
		num uvs            :  680
		num uvs2           :  0
		num colors         :  0
		num indices        :  354
	processing begun of mesh:  obstacle.002
		processing begun of material:  wood.001
		processing begun of material:  wood.002
		processing begun of material:  wood lightest
		registered as also a user of material:  wood.002
		registered as also a user of material:  wood lightest
		processing begun of multimaterial:  mountain_merged_scene_3.Multimaterial#14
		num positions      :  339
		num normals        :  339
		num tangents       :  0
		num uvs            :  678
		num uvs2           :  0
		num colors         :  0
		num indices        :  354
	processing begun of mesh:  obstacle.003
		processing begun of material:  wood.001
		processing begun of material:  wood.002
		processing begun of material:  wood lightest
		registered as also a user of material:  wood.002
		registered as also a user of material:  wood lightest
		processing begun of multimaterial:  mountain_merged_scene_3.Multimaterial#15
		num positions      :  341
		num normals        :  341
		num tangents       :  0
		num uvs            :  682
		num uvs2           :  0
		num colors         :  0
		num indices        :  354
	processing begun of mesh:  obstacle.004
		processing begun of material:  wood.001
		processing begun of material:  wood.002
		processing begun of material:  wood lightest
		registered as also a user of material:  wood.002
		registered as also a user of material:  wood lightest
		processing begun of multimaterial:  mountain_merged_scene_3.Multimaterial#16
		num positions      :  199
		num normals        :  199
		num tangents       :  0
		num uvs            :  398
		num uvs2           :  0
		num colors         :  0
		num indices        :  216
	processing begun of mesh:  Sphere
		processing begun of material:  snow.001
		processing begun of material:  Material.002
		registered as also a user of material:  snow.001
		processing begun of multimaterial:  mountain_merged_scene_3.Multimaterial#17
		num positions      :  207
		num normals        :  207
		num tangents       :  0
		num uvs            :  414
		num uvs2           :  0
		num colors         :  0
		num indices        :  210
	processing begun of mesh:  Sphere.001
		processing begun of material:  snow.001
		processing begun of material:  Material.002
		registered as also a user of material:  snow.001
		processing begun of multimaterial:  mountain_merged_scene_3.Multimaterial#18
		num positions      :  207
		num normals        :  207
		num tangents       :  0
		num uvs            :  414
		num uvs2           :  0
		num colors         :  0
		num indices        :  210
	processing begun of mesh:  Cylinder.013
		processing begun of material:  Material.006
		registered as also a user of material:  Material.006
		num positions      :  227
		num normals        :  227
		num tangents       :  0
		num uvs            :  454
		num uvs2           :  0
		num colors         :  0
		num indices        :  234
	processing begun of mesh:  Cylinder.002
		processing begun of material:  Material.004
		processing begun of material:  wood.001
		registered as also a user of material:  Material.004
		processing begun of multimaterial:  mountain_merged_scene_3.Multimaterial#19
		num positions      :  188
		num normals        :  188
		num tangents       :  0
		num uvs            :  376
		num uvs2           :  0
		num colors         :  0
		num indices        :  198
	processing begun of mesh:  Cylinder.014
		processing begun of material:  Material.004
		processing begun of material:  wood.001
		registered as also a user of material:  Material.004
		processing begun of multimaterial:  mountain_merged_scene_3.Multimaterial#20
		num positions      :  188
		num normals        :  188
		num tangents       :  0
		num uvs            :  376
		num uvs2           :  0
		num colors         :  0
		num indices        :  198
	processing begun of mesh:  Cylinder.015
		processing begun of material:  Material.004
		processing begun of material:  wood.001
		registered as also a user of material:  Material.004
		processing begun of multimaterial:  mountain_merged_scene_3.Multimaterial#21
		num positions      :  188
		num normals        :  188
		num tangents       :  0
		num uvs            :  376
		num uvs2           :  0
		num colors         :  0
		num indices        :  198
	processing begun of mesh:  Cylinder.016
		processing begun of material:  Material.004
		processing begun of material:  wood.001
		registered as also a user of material:  Material.004
		processing begun of multimaterial:  mountain_merged_scene_3.Multimaterial#22
		num positions      :  188
		num normals        :  188
		num tangents       :  0
		num uvs            :  376
		num uvs2           :  0
		num colors         :  0
		num indices        :  198
	processing begun of mesh:  Cylinder.017
		processing begun of material:  Material.004
		processing begun of material:  wood.001
		registered as also a user of material:  Material.004
		processing begun of multimaterial:  mountain_merged_scene_3.Multimaterial#23
		num positions      :  188
		num normals        :  188
		num tangents       :  0
		num uvs            :  376
		num uvs2           :  0
		num colors         :  0
		num indices        :  198
	processing begun of mesh:  Icosphere.008
		processing begun of material:  snow.001
		registered as also a user of material:  snow.001
		num positions      :  90
		num normals        :  90
		num tangents       :  0
		num uvs            :  180
		num uvs2           :  0
		num colors         :  0
		num indices        :  90
	processing begun of mesh:  Icosphere.009
		processing begun of material:  snow.001
		registered as also a user of material:  snow.001
		num positions      :  60
		num normals        :  60
		num tangents       :  0
		num uvs            :  120
		num uvs2           :  0
		num colors         :  0
		num indices        :  60
	processing begun of mesh:  obstacle.005
		processing begun of material:  wood.001
		processing begun of material:  wood.002
		processing begun of material:  wood lightest
		registered as also a user of material:  wood.002
		registered as also a user of material:  wood lightest
		processing begun of multimaterial:  mountain_merged_scene_3.Multimaterial#24
		num positions      :  199
		num normals        :  199
		num tangents       :  0
		num uvs            :  398
		num uvs2           :  0
		num colors         :  0
		num indices        :  216
	processing begun of mesh:  Icosphere.010
		processing begun of material:  Material.002
		registered as also a user of material:  Material.002
		num positions      :  60
		num normals        :  60
		num tangents       :  0
		num uvs            :  120
		num uvs2           :  0
		num colors         :  0
		num indices        :  60
========= Writing of JSON file started =========
	writing mesh:  0001
	writing mesh:  Cylinder
	writing mesh:  Cylinder.001
	writing mesh:  Cylinder.003
	writing mesh:  Cylinder.004
	writing mesh:  Cylinder.005
	writing mesh:  Cylinder.006
	writing mesh:  Cylinder.007
	writing mesh:  Cylinder.008
	writing mesh:  Cylinder.009
	writing mesh:  Cylinder.010
	writing mesh:  Cylinder.011
	writing mesh:  Cylinder.012
	writing mesh:  Icosphere
	writing mesh:  Icosphere.001
	writing mesh:  Icosphere.002
	writing mesh:  Icosphere.003
	writing mesh:  Icosphere.004
	writing mesh:  Icosphere.005
	writing mesh:  Icosphere.006
	writing mesh:  Icosphere.007
	writing mesh:  obstacle
	writing mesh:  obstacle.001
	writing mesh:  obstacle.002
	writing mesh:  obstacle.003
	writing mesh:  obstacle.004
	writing mesh:  Sphere
	writing mesh:  Sphere.001
	writing mesh:  Cylinder.013
	writing mesh:  Cylinder.002
	writing mesh:  Cylinder.014
	writing mesh:  Cylinder.015
	writing mesh:  Cylinder.016
	writing mesh:  Cylinder.017
	writing mesh:  Icosphere.008
	writing mesh:  Icosphere.009
	writing mesh:  obstacle.005
	writing mesh:  Icosphere.010
========= Writing of JSON file completed =========
========= end of processing =========
elapsed time:  0 min, 2.6417 secs
