Exporter version: 6.3.0, Blender version: 2.82 (sub 7)
========= Conversion from Blender to Babylon.js =========
	Scene settings used :
		Inline textures     :  false
		Material Type       :  PBR
		Positions Precision :  4
		Normals Precision   :  3
		UVs Precision       :  3
		Vert Color Precision:  3
		Mat Weight Precision:  2
		Keep Z-up r-handed  :  no
		Texture directory   :  C:\Users\Torben\Desktop\The Vault\url-ninja\portfolio\models\
	Python World class constructor completed
	WARNING: No active camera has been assigned, or is not in a currently selected Blender layer
	processing begun of skeleton:  Armature, id:  0
		processing begun of bone:  Bone, index:  0
		processing begun of bone:  Bone.001, index:  1
		processing begun of bone:  Bone.002, index:  2
		processing begun of bone:  Bone.003, index:  3
		processing begun of bone:  Bone.004, index:  4
		processing begun of bone:  Bone.005, index:  5
		processing begun of bone:  Bone.007, index:  6
		processing begun of bone:  Bone.008, index:  7
		processing begun of bone:  Bone.009, index:  8
		processing begun of bone:  Bone.010, index:  9
		processing begun of bone:  Bone.011, index:  10
		processing begun of bone:  Bone.012, index:  11
		processing begun of bone:  Bone.013, index:  12
		processing begun of bone:  Bone.014, index:  13
		processing begun of bone:  Bone.015, index:  14
		processing begun of bone:  Bone.016, index:  15
		processing begun of bone:  Bone.017, index:  16
		processing begun of bone:  Bone.018, index:  17
		processing begun of bone:  foot, index:  18
		processing begun of bone:  foot.001, index:  19
		processing action start:  in[0 - 72], out[0 - 72]
	processing begun of mesh:  Cube.001
		processing begun of material:  dark
		processing begun of material:  orange
		processing begun of material:  white
		processing begun of material:  jacket
		processing begun of material:  skin
		processing begun of material:  board
		processing begun of multimaterial:  snowboarder_scene_3.Multimaterial#0
		num positions      :  3703
		num normals        :  3703
		num tangents       :  0
		num uvs            :  7406
		num uvs2           :  0
		num colors         :  0
		num indices        :  3798
		Skeleton stats:  
			Total Influencers:  7549
			Avg # of influencers per vertex:  2.0386
			Highest # of influencers observed:  6, num vertices with this:  26
			exported as 6 influencers
			num skeletonWeights and skeletonIndices:  29624
========= Writing of JSON file started =========
	writing mesh:  Cube.001
========= Writing of JSON file completed =========
========= end of processing =========
elapsed time:  0 min, 2.6171 secs
